<?xml version="1.0" encoding="UTF-8"?>
<!-- Generated by org.testng.reporters.JUnitXMLReporter -->
<testsuite ignored="2" hostname="Yogeshwar" failures="1" tests="2" name="Test" time="10.32" errors="0" timestamp="2025-11-06T19:58:23 IST">
  <testcase classname="com.selenium.tests.RadioButtonTest" name="selectRadio" time="0.193"/>
  <testcase classname="com.selenium.tests.AutoSelectedTest" name="autoSelect" time="10.017">
    <failure type="java.lang.NullPointerException" message="Cannot invoke &amp;quot;com.selenium.utiles.ConfigReader.getProperty(String)&amp;quot; because &amp;quot;testData&amp;quot; is null">
      <![CDATA[java.lang.NullPointerException: Cannot invoke "com.selenium.utiles.ConfigReader.getProperty(String)" because "testData" is null
at com.selenium.pages.Autosuggession.<init>(Autosuggession.java:22)
at com.selenium.tests.AutoSelectedTest.autoSelect(AutoSelectedTest.java:15)
at java.base/java.util.ArrayList.forEach(ArrayList.java:1596)
... Removed 25 stack frames]]>
    </failure>
  </testcase> <!-- autoSelect -->
  <testcase classname="com.selenium.base.BaseClass" name="@AfterSuite tearDown" time="0.0">
    <ignored/>
  </testcase> <!-- @AfterSuite tearDown -->
  <testcase classname="com.selenium.base.BaseClass" name="@BeforeSuite setUp" time="0.0">
    <ignored/>
  </testcase> <!-- @BeforeSuite setUp -->
</testsuite> <!-- Test -->
