<?xml version="1.0" encoding="UTF-8"?>
<testng-results ignored="0" total="1" passed="1" failed="0" skipped="0">
  <reporter-output>
  </reporter-output>
  <suite started-at="2025-10-07T11:09:58 IST" name="Default suite" finished-at="2025-10-07T11:09:59 IST" duration-ms="1757">
    <groups>
    </groups>
    <test started-at="2025-10-07T11:09:58 IST" name="Default test" finished-at="2025-10-07T11:09:59 IST" duration-ms="1757">
      <class name="com.selenium.base.BaseClass">
        <test-method signature="setup()[pri:0, instance:com.selenium.base.BaseClass@7b2bbc3]" started-at="2025-10-07T11:09:58 IST" name="setup" finished-at="2025-10-07T11:09:59 IST" duration-ms="1718" status="PASS">
          <reporter-output>
          </reporter-output>
        </test-method> <!-- setup -->
      </class> <!-- com.selenium.base.BaseClass -->
    </test> <!-- Default test -->
  </suite> <!-- Default suite -->
</testng-results>
